#-----------------------------------------------------------
# Vivado v2020.1 (64-bit)
# SW Build 2902540 on Wed May 27 19:54:49 MDT 2020
# IP Build 2902112 on Wed May 27 22:43:36 MDT 2020
# Start of session at: Wed Aug 27 08:47:16 2025
# Process ID: 35976
# Current directory: E:/2025-2/IEE2463 - Sistemas Electronicos Programables/SEP-Grupo17/Proyecto1
# Command line: vivado.exe -gui_launcher_event rodinguilauncherevent30988 E:\2025-2\IEE2463 - Sistemas Electronicos Programables\SEP-Grupo17\Proyecto1\Proyecto1.xpr
# Log file: E:/2025-2/IEE2463 - Sistemas Electronicos Programables/SEP-Grupo17/Proyecto1/vivado.log
# Journal file: E:/2025-2/IEE2463 - Sistemas Electronicos Programables/SEP-Grupo17/Proyecto1\vivado.jou
#-----------------------------------------------------------
start_gui
open_project {E:/2025-2/IEE2463 - Sistemas Electronicos Programables/SEP-Grupo17/Proyecto1/Proyecto1.xpr}
Scanning sources...
Finished scanning sources
INFO: [IP_Flow 19-234] Refreshing IP repositories
INFO: [IP_Flow 19-1704] No user IP repositories specified
INFO: [IP_Flow 19-2313] Loaded Vivado IP repository 'C:/Xilinx/Vivado/2020.1/data/ip'.
open_project: Time (s): cpu = 00:00:17 ; elapsed = 00:00:09 . Memory (MB): peak = 1111.609 ; gain = 0.000
update_compile_order -fileset sources_1
export_ip_user_files -of_objects  [get_files {{E:/2025-2/IEE2463 - Sistemas Electronicos Programables/SEP-Grupo17/Proyecto1/Proyecto1.srcs/sources_1/new/difficulty_lvl.vhd}}] -no_script -reset -force -quiet
remove_files  {{E:/2025-2/IEE2463 - Sistemas Electronicos Programables/SEP-Grupo17/Proyecto1/Proyecto1.srcs/sources_1/new/difficulty_lvl.vhd}}
remove_files  {{E:/2025-2/IEE2463 - Sistemas Electronicos Programables/SEP-Grupo17/Proyecto1/Proyecto1.srcs/sources_1/new/difficulty_lvl.vhd}}
WARNING: [Vivado 12-818] No files matched 'E:/2025-2/IEE2463 - Sistemas Electronicos Programables/SEP-Grupo17/Proyecto1/Proyecto1.srcs/sources_1/new/difficulty_lvl.vhd'
export_ip_user_files -of_objects  [get_files {{E:/2025-2/IEE2463 - Sistemas Electronicos Programables/SEP-Grupo17/Proyecto1/Proyecto1.srcs/sources_1/new/sequency_tester.vhd}}] -no_script -reset -force -quiet
remove_files  {{E:/2025-2/IEE2463 - Sistemas Electronicos Programables/SEP-Grupo17/Proyecto1/Proyecto1.srcs/sources_1/new/sequency_tester.vhd}}
export_ip_user_files -of_objects  [get_files {{E:/2025-2/IEE2463 - Sistemas Electronicos Programables/SEP-Grupo17/Proyecto1/Proyecto1.srcs/sources_1/new/lvl_logic.vhd}}] -no_script -reset -force -quiet
remove_files  {{E:/2025-2/IEE2463 - Sistemas Electronicos Programables/SEP-Grupo17/Proyecto1/Proyecto1.srcs/sources_1/new/lvl_logic.vhd}}
update_compile_order -fileset sources_1
update_compile_order -fileset sources_1
export_ip_user_files -of_objects  [get_files {{E:/2025-2/IEE2463 - Sistemas Electronicos Programables/SEP-Grupo17/Proyecto1/Proyecto1.srcs/sources_1/new/led_secuency.vhd}}] -no_script -reset -force -quiet
remove_files  {{E:/2025-2/IEE2463 - Sistemas Electronicos Programables/SEP-Grupo17/Proyecto1/Proyecto1.srcs/sources_1/new/led_secuency.vhd}}
close [ open {E:/2025-2/IEE2463 - Sistemas Electronicos Programables/SEP-Grupo17/Proyecto1/Proyecto1.srcs/sources_1/new/DataMemory.vhd} w ]
add_files {{E:/2025-2/IEE2463 - Sistemas Electronicos Programables/SEP-Grupo17/Proyecto1/Proyecto1.srcs/sources_1/new/DataMemory.vhd}}
update_compile_order -fileset sources_1
export_ip_user_files -of_objects  [get_files {{E:/2025-2/IEE2463 - Sistemas Electronicos Programables/SEP-Grupo17/Proyecto1/Proyecto1.srcs/sources_1/new/DataMemory.vhd}}] -no_script -reset -force -quiet
remove_files  {{E:/2025-2/IEE2463 - Sistemas Electronicos Programables/SEP-Grupo17/Proyecto1/Proyecto1.srcs/sources_1/new/DataMemory.vhd}}
close [ open {E:/2025-2/IEE2463 - Sistemas Electronicos Programables/SEP-Grupo17/Proyecto1/Proyecto1.srcs/sources_1/new/MemorySequency.vhd} w ]
add_files {{E:/2025-2/IEE2463 - Sistemas Electronicos Programables/SEP-Grupo17/Proyecto1/Proyecto1.srcs/sources_1/new/MemorySequency.vhd}}
update_compile_order -fileset sources_1
set_property top MemorySequency [current_fileset]
update_compile_order -fileset sources_1
reset_run synth_1
launch_runs impl_1 -to_step write_bitstream -jobs 11
[Wed Aug 27 09:29:58 2025] Launched synth_1...
Run output will be captured here: E:/2025-2/IEE2463 - Sistemas Electronicos Programables/SEP-Grupo17/Proyecto1/Proyecto1.runs/synth_1/runme.log
[Wed Aug 27 09:29:58 2025] Launched impl_1...
Run output will be captured here: E:/2025-2/IEE2463 - Sistemas Electronicos Programables/SEP-Grupo17/Proyecto1/Proyecto1.runs/impl_1/runme.log
open_hw_manager
connect_hw_server -allow_non_jtag
INFO: [Labtools 27-2285] Connecting to hw_server url TCP:localhost:3121
INFO: [Labtools 27-2222] Launching hw_server...
INFO: [Labtools 27-2221] Launch Output:

****** Xilinx hw_server v2020.1
  **** Build date : May 27 2020 at 20:24:38
    ** Copyright 1986-2020 Xilinx, Inc. All Rights Reserved.


INFO: [Labtools 27-3415] Connecting to cs_server url TCP:localhost:3042
INFO: [Labtools 27-3417] Launching cs_server...
INFO: [Labtools 27-2221] Launch Output:


****** Xilinx cs_server v2020.1.0
  **** Build date : May 13 2020-21:10:29
    ** Copyright 2017-2020 Xilinx, Inc. All Rights Reserved.



connect_hw_server: Time (s): cpu = 00:00:00 ; elapsed = 00:00:10 . Memory (MB): peak = 1182.062 ; gain = 17.027
open_hw_target
INFO: [Labtoolstcl 44-466] Opening hw_target localhost:3121/xilinx_tcf/Digilent/210351B3FC05A
open_hw_target: Time (s): cpu = 00:00:04 ; elapsed = 00:00:07 . Memory (MB): peak = 2482.035 ; gain = 1299.973
set_property PROGRAM.FILE {E:/2025-2/IEE2463 - Sistemas Electronicos Programables/SEP-Grupo17/Proyecto1/Proyecto1.runs/impl_1/MemorySequency.bit} [get_hw_devices xc7z010_1]
current_hw_device [get_hw_devices xc7z010_1]
refresh_hw_device -update_hw_probes false [lindex [get_hw_devices xc7z010_1] 0]
INFO: [Labtools 27-1434] Device xc7z010 (JTAG device index = 1) is programmed with a design that has no supported debug core(s) in it.
set_property PROBES.FILE {} [get_hw_devices xc7z010_1]
set_property FULL_PROBES.FILE {} [get_hw_devices xc7z010_1]
set_property PROGRAM.FILE {E:/2025-2/IEE2463 - Sistemas Electronicos Programables/SEP-Grupo17/Proyecto1/Proyecto1.runs/impl_1/MemorySequency.bit} [get_hw_devices xc7z010_1]
program_hw_devices [get_hw_devices xc7z010_1]
INFO: [Labtools 27-3164] End of startup status: HIGH
refresh_hw_device [lindex [get_hw_devices xc7z010_1] 0]
INFO: [Labtools 27-1434] Device xc7z010 (JTAG device index = 1) is programmed with a design that has no supported debug core(s) in it.
close_hw_manager
reset_run synth_1
WARNING: [Vivado 12-1017] Problems encountered:
1. Failed to delete one or more files in run directory E:/2025-2/IEE2463 - Sistemas Electronicos Programables/SEP-Grupo17/Proyecto1/Proyecto1.runs/synth_1

launch_runs impl_1 -to_step write_bitstream -jobs 11
[Wed Aug 27 10:38:30 2025] Launched synth_1...
Run output will be captured here: E:/2025-2/IEE2463 - Sistemas Electronicos Programables/SEP-Grupo17/Proyecto1/Proyecto1.runs/synth_1/runme.log
[Wed Aug 27 10:38:30 2025] Launched impl_1...
Run output will be captured here: E:/2025-2/IEE2463 - Sistemas Electronicos Programables/SEP-Grupo17/Proyecto1/Proyecto1.runs/impl_1/runme.log
reset_run synth_1
WARNING: [Vivado 12-1017] Problems encountered:
1. Failed to delete one or more files in run directory E:/2025-2/IEE2463 - Sistemas Electronicos Programables/SEP-Grupo17/Proyecto1/Proyecto1.runs/synth_1

launch_runs impl_1 -to_step write_bitstream -jobs 11
[Wed Aug 27 10:42:01 2025] Launched synth_1...
Run output will be captured here: E:/2025-2/IEE2463 - Sistemas Electronicos Programables/SEP-Grupo17/Proyecto1/Proyecto1.runs/synth_1/runme.log
[Wed Aug 27 10:42:01 2025] Launched impl_1...
Run output will be captured here: E:/2025-2/IEE2463 - Sistemas Electronicos Programables/SEP-Grupo17/Proyecto1/Proyecto1.runs/impl_1/runme.log
open_hw_manager
connect_hw_server -allow_non_jtag
INFO: [Labtools 27-2285] Connecting to hw_server url TCP:localhost:3121
INFO: [Labtools 27-2222] Launching hw_server...
INFO: [Labtools 27-2221] Launch Output:

****** Xilinx hw_server v2020.1
  **** Build date : May 27 2020 at 20:24:38
    ** Copyright 1986-2020 Xilinx, Inc. All Rights Reserved.


INFO: [Labtools 27-3415] Connecting to cs_server url TCP:localhost:3042
INFO: [Labtools 27-3417] Launching cs_server...
INFO: [Labtools 27-2221] Launch Output:


****** Xilinx cs_server v2020.1.0
  **** Build date : May 13 2020-21:10:29
    ** Copyright 2017-2020 Xilinx, Inc. All Rights Reserved.



connect_hw_server: Time (s): cpu = 00:00:00 ; elapsed = 00:00:10 . Memory (MB): peak = 2529.691 ; gain = 0.000
open_hw_target
INFO: [Labtoolstcl 44-466] Opening hw_target localhost:3121/xilinx_tcf/Digilent/210351B3FC05A
set_property PROGRAM.FILE {E:/2025-2/IEE2463 - Sistemas Electronicos Programables/SEP-Grupo17/Proyecto1/Proyecto1.runs/impl_1/MemorySequency.bit} [get_hw_devices xc7z010_1]
current_hw_device [get_hw_devices xc7z010_1]
refresh_hw_device -update_hw_probes false [lindex [get_hw_devices xc7z010_1] 0]
INFO: [Labtools 27-1434] Device xc7z010 (JTAG device index = 1) is programmed with a design that has no supported debug core(s) in it.
set_property PROBES.FILE {} [get_hw_devices xc7z010_1]
set_property FULL_PROBES.FILE {} [get_hw_devices xc7z010_1]
set_property PROGRAM.FILE {E:/2025-2/IEE2463 - Sistemas Electronicos Programables/SEP-Grupo17/Proyecto1/Proyecto1.runs/impl_1/MemorySequency.bit} [get_hw_devices xc7z010_1]
program_hw_devices [get_hw_devices xc7z010_1]
INFO: [Labtools 27-3164] End of startup status: HIGH
refresh_hw_device [lindex [get_hw_devices xc7z010_1] 0]
INFO: [Labtools 27-1434] Device xc7z010 (JTAG device index = 1) is programmed with a design that has no supported debug core(s) in it.
ERROR: [Labtoolstcl 44-513] HW Target shutdown. Closing target: localhost:3121/xilinx_tcf/Digilent/210351B3FC05A
INFO: [Labtoolstcl 44-466] Opening hw_target localhost:3121/xilinx_tcf/Digilent/210351B3FC05A
WARNING: [Labtoolstcl 44-129] No matching hw_ila_data was found.
INFO: [Labtools 27-1434] Device xc7z010 (JTAG device index = 1) is programmed with a design that has no supported debug core(s) in it.
WARNING: [Labtoolstcl 44-129] No matching hw_ila_data was found.
set_property PROBES.FILE {} [get_hw_devices xc7z010_1]
set_property FULL_PROBES.FILE {} [get_hw_devices xc7z010_1]
set_property PROGRAM.FILE {E:/2025-2/IEE2463 - Sistemas Electronicos Programables/SEP-Grupo17/Proyecto1/Proyecto1.runs/impl_1/MemorySequency.bit} [get_hw_devices xc7z010_1]
program_hw_devices [get_hw_devices xc7z010_1]
INFO: [Labtools 27-3164] End of startup status: HIGH
refresh_hw_device [lindex [get_hw_devices xc7z010_1] 0]
INFO: [Labtools 27-1434] Device xc7z010 (JTAG device index = 1) is programmed with a design that has no supported debug core(s) in it.
set_property PROBES.FILE {} [get_hw_devices xc7z010_1]
set_property FULL_PROBES.FILE {} [get_hw_devices xc7z010_1]
set_property PROGRAM.FILE {E:/2025-2/IEE2463 - Sistemas Electronicos Programables/SEP-Grupo17/Proyecto1/Proyecto1.runs/impl_1/MemorySequency.bit} [get_hw_devices xc7z010_1]
program_hw_devices [get_hw_devices xc7z010_1]
INFO: [Labtools 27-3164] End of startup status: HIGH
refresh_hw_device [lindex [get_hw_devices xc7z010_1] 0]
INFO: [Labtools 27-1434] Device xc7z010 (JTAG device index = 1) is programmed with a design that has no supported debug core(s) in it.
ERROR: [Labtoolstcl 44-513] HW Target shutdown. Closing target: localhost:3121/xilinx_tcf/Digilent/210351B3FC05A
close_hw_manager
