#-----------------------------------------------------------
# Vivado v2020.1 (64-bit)
# SW Build 2902540 on Wed May 27 19:54:49 MDT 2020
# IP Build 2902112 on Wed May 27 22:43:36 MDT 2020
# Start of session at: Mon Aug 18 09:11:25 2025
# Process ID: 27460
# Current directory: C:/Users/tomas/OneDrive/Escritorio/Universidad/SEP/Proyecto/SEP-Grupo17/Proyecto1
# Command line: vivado.exe -gui_launcher_event rodinguilauncherevent27328 C:\Users\tomas\OneDrive\Escritorio\Universidad\SEP\Proyecto\SEP-Grupo17\Proyecto1\Proyecto1.xpr
# Log file: C:/Users/tomas/OneDrive/Escritorio/Universidad/SEP/Proyecto/SEP-Grupo17/Proyecto1/vivado.log
# Journal file: C:/Users/tomas/OneDrive/Escritorio/Universidad/SEP/Proyecto/SEP-Grupo17/Proyecto1\vivado.jou
#-----------------------------------------------------------
start_gui
open_project C:/Users/tomas/OneDrive/Escritorio/Universidad/SEP/Proyecto/SEP-Grupo17/Proyecto1/Proyecto1.xpr
INFO: [ProjectBase 1-489] The host OS only allows 260 characters in a normal path. The project is stored in a path with more than 80 characters. If you experience issues with IP, Block Designs, or files not being found, please consider moving the project to a location with a shorter path. Alternately consider using the OS subst command to map part of the path to a drive letter.
Current project path is 'C:/Users/tomas/OneDrive/Escritorio/Universidad/SEP/Proyecto/SEP-Grupo17/Proyecto1'
INFO: [Project 1-313] Project file moved from 'E:/2025-2/IEE2463 - Sistemas Electronicos Programables/SEP-Grupo17/Proyecto1' since last save.
CRITICAL WARNING: [Project 1-311] Could not find the file 'C:/Users/tomas/OneDrive/Escritorio/Universidad/SEP/Proyecto/Laboratorios/LAB01-Vivado-Hello-World/Zybo-Z7-Master.xdc', nor could it be found using path 'E:/2025-2/IEE2463 - Sistemas Electronicos Programables/Laboratorios/LAB01-Vivado-Hello-World/Zybo-Z7-Master.xdc'.
Scanning sources...
Finished scanning sources
WARNING: [filemgmt 56-2] Default IP Output Path : Could not find the directory 'C:/Users/tomas/OneDrive/Escritorio/Universidad/SEP/Proyecto/SEP-Grupo17/Proyecto1/Proyecto1.srcs/sources_1', nor could it be found using path 'E:/2025-2/IEE2463 - Sistemas Electronicos Programables/SEP-Grupo17/Proyecto1/Proyecto1.srcs/sources_1'.
WARNING: [filemgmt 56-2] IPUserFilesDir: Could not find the directory 'C:/Users/tomas/OneDrive/Escritorio/Universidad/SEP/Proyecto/SEP-Grupo17/Proyecto1/Proyecto1.ip_user_files', nor could it be found using path 'E:/2025-2/IEE2463 - Sistemas Electronicos Programables/SEP-Grupo17/Proyecto1/Proyecto1.ip_user_files'.
INFO: [IP_Flow 19-234] Refreshing IP repositories
INFO: [IP_Flow 19-1704] No user IP repositories specified
INFO: [IP_Flow 19-2313] Loaded Vivado IP repository 'C:/Xilinx/Vivado/2020.1/data/ip'.
exit
INFO: [Common 17-206] Exiting Vivado at Mon Aug 18 09:12:00 2025...
