#-----------------------------------------------------------
# Vivado v2020.1 (64-bit)
# SW Build 2902540 on Wed May 27 19:54:49 MDT 2020
# IP Build 2902112 on Wed May 27 22:43:36 MDT 2020
# Start of session at: Sun Sep  7 19:35:59 2025
# Process ID: 27044
# Current directory: C:/Users/tomas/OneDrive/Escritorio/Universidad/SEP/Proyecto/SEP-Grupo17/Proyecto1
# Command line: vivado.exe -gui_launcher_event rodinguilauncherevent3476 C:\Users\tomas\OneDrive\Escritorio\Universidad\SEP\Proyecto\SEP-Grupo17\Proyecto1\Proyecto1.xpr
# Log file: C:/Users/tomas/OneDrive/Escritorio/Universidad/SEP/Proyecto/SEP-Grupo17/Proyecto1/vivado.log
# Journal file: C:/Users/tomas/OneDrive/Escritorio/Universidad/SEP/Proyecto/SEP-Grupo17/Proyecto1\vivado.jou
#-----------------------------------------------------------
start_gui
open_project C:/Users/tomas/OneDrive/Escritorio/Universidad/SEP/Proyecto/SEP-Grupo17/Proyecto1/Proyecto1.xpr
INFO: [ProjectBase 1-489] The host OS only allows 260 characters in a normal path. The project is stored in a path with more than 80 characters. If you experience issues with IP, Block Designs, or files not being found, please consider moving the project to a location with a shorter path. Alternately consider using the OS subst command to map part of the path to a drive letter.
Current project path is 'C:/Users/tomas/OneDrive/Escritorio/Universidad/SEP/Proyecto/SEP-Grupo17/Proyecto1'
INFO: [Project 1-313] Project file moved from 'E:/2025-2/IEE2463 - Sistemas Electronicos Programables/SEP-Grupo17/Proyecto1' since last save.
Scanning sources...
Finished scanning sources
INFO: [IP_Flow 19-234] Refreshing IP repositories
INFO: [IP_Flow 19-1704] No user IP repositories specified
INFO: [IP_Flow 19-2313] Loaded Vivado IP repository 'C:/Xilinx/Vivado/2020.1/data/ip'.
open_project: Time (s): cpu = 00:00:15 ; elapsed = 00:00:07 . Memory (MB): peak = 1050.773 ; gain = 0.000
update_compile_order -fileset sources_1
close [ open C:/Users/tomas/OneDrive/Escritorio/Universidad/SEP/Proyecto/SEP-Grupo17/Proyecto1/Proyecto1.srcs/sources_1/new/ScoreDisplay.vhd w ]
add_files C:/Users/tomas/OneDrive/Escritorio/Universidad/SEP/Proyecto/SEP-Grupo17/Proyecto1/Proyecto1.srcs/sources_1/new/ScoreDisplay.vhd
update_compile_order -fileset sources_1
update_compile_order -fileset sources_1
reset_run synth_1
launch_runs impl_1 -to_step write_bitstream -jobs 16
[Sun Sep  7 21:30:46 2025] Launched synth_1...
Run output will be captured here: C:/Users/tomas/OneDrive/Escritorio/Universidad/SEP/Proyecto/SEP-Grupo17/Proyecto1/Proyecto1.runs/synth_1/runme.log
[Sun Sep  7 21:30:46 2025] Launched impl_1...
Run output will be captured here: C:/Users/tomas/OneDrive/Escritorio/Universidad/SEP/Proyecto/SEP-Grupo17/Proyecto1/Proyecto1.runs/impl_1/runme.log
reset_run synth_1
launch_runs impl_1 -to_step write_bitstream -jobs 16
[Sun Sep  7 21:34:39 2025] Launched synth_1...
Run output will be captured here: C:/Users/tomas/OneDrive/Escritorio/Universidad/SEP/Proyecto/SEP-Grupo17/Proyecto1/Proyecto1.runs/synth_1/runme.log
[Sun Sep  7 21:34:39 2025] Launched impl_1...
Run output will be captured here: C:/Users/tomas/OneDrive/Escritorio/Universidad/SEP/Proyecto/SEP-Grupo17/Proyecto1/Proyecto1.runs/impl_1/runme.log
reset_run synth_1
launch_runs impl_1 -to_step write_bitstream -jobs 16
[Sun Sep  7 21:49:54 2025] Launched synth_1...
Run output will be captured here: C:/Users/tomas/OneDrive/Escritorio/Universidad/SEP/Proyecto/SEP-Grupo17/Proyecto1/Proyecto1.runs/synth_1/runme.log
[Sun Sep  7 21:49:54 2025] Launched impl_1...
Run output will be captured here: C:/Users/tomas/OneDrive/Escritorio/Universidad/SEP/Proyecto/SEP-Grupo17/Proyecto1/Proyecto1.runs/impl_1/runme.log
reset_run synth_1
launch_runs impl_1 -to_step write_bitstream -jobs 16
[Sun Sep  7 21:52:02 2025] Launched synth_1...
Run output will be captured here: C:/Users/tomas/OneDrive/Escritorio/Universidad/SEP/Proyecto/SEP-Grupo17/Proyecto1/Proyecto1.runs/synth_1/runme.log
[Sun Sep  7 21:52:02 2025] Launched impl_1...
Run output will be captured here: C:/Users/tomas/OneDrive/Escritorio/Universidad/SEP/Proyecto/SEP-Grupo17/Proyecto1/Proyecto1.runs/impl_1/runme.log
reset_run synth_1
launch_runs impl_1 -to_step write_bitstream -jobs 16
[Sun Sep  7 22:03:45 2025] Launched synth_1...
Run output will be captured here: C:/Users/tomas/OneDrive/Escritorio/Universidad/SEP/Proyecto/SEP-Grupo17/Proyecto1/Proyecto1.runs/synth_1/runme.log
[Sun Sep  7 22:03:45 2025] Launched impl_1...
Run output will be captured here: C:/Users/tomas/OneDrive/Escritorio/Universidad/SEP/Proyecto/SEP-Grupo17/Proyecto1/Proyecto1.runs/impl_1/runme.log
