#-----------------------------------------------------------
# Vivado v2020.1 (64-bit)
# SW Build 2902540 on Wed May 27 19:54:49 MDT 2020
# IP Build 2902112 on Wed May 27 22:43:36 MDT 2020
# Start of session at: Sun Aug 31 22:05:49 2025
# Process ID: 35064
# Current directory: C:/Users/tomas/OneDrive/Escritorio/Universidad/SEP/Proyecto/SEP-Grupo17/Proyecto1
# Command line: vivado.exe -gui_launcher_event rodinguilauncherevent20564 C:\Users\tomas\OneDrive\Escritorio\Universidad\SEP\Proyecto\SEP-Grupo17\Proyecto1\Proyecto1.xpr
# Log file: C:/Users/tomas/OneDrive/Escritorio/Universidad/SEP/Proyecto/SEP-Grupo17/Proyecto1/vivado.log
# Journal file: C:/Users/tomas/OneDrive/Escritorio/Universidad/SEP/Proyecto/SEP-Grupo17/Proyecto1\vivado.jou
#-----------------------------------------------------------
start_gui
open_project C:/Users/tomas/OneDrive/Escritorio/Universidad/SEP/Proyecto/SEP-Grupo17/Proyecto1/Proyecto1.xpr
INFO: [ProjectBase 1-489] The host OS only allows 260 characters in a normal path. The project is stored in a path with more than 80 characters. If you experience issues with IP, Block Designs, or files not being found, please consider moving the project to a location with a shorter path. Alternately consider using the OS subst command to map part of the path to a drive letter.
Current project path is 'C:/Users/tomas/OneDrive/Escritorio/Universidad/SEP/Proyecto/SEP-Grupo17/Proyecto1'
INFO: [Project 1-313] Project file moved from 'E:/2025-2/IEE2463 - Sistemas Electronicos Programables/SEP-Grupo17/Proyecto1' since last save.
Scanning sources...
Finished scanning sources
INFO: [IP_Flow 19-234] Refreshing IP repositories
INFO: [IP_Flow 19-1704] No user IP repositories specified
INFO: [IP_Flow 19-2313] Loaded Vivado IP repository 'C:/Xilinx/Vivado/2020.1/data/ip'.
update_compile_order -fileset sources_1
set_property is_enabled false [get_files  C:/Users/tomas/OneDrive/Escritorio/Universidad/SEP/Proyecto/SEP-Grupo17/Proyecto1/Proyecto1.srcs/sources_1/new/tb_lvl_logic.vhd]
file mkdir C:/Users/tomas/OneDrive/Escritorio/Universidad/SEP/Proyecto/SEP-Grupo17/Proyecto1/Proyecto1.srcs/sim_1/new
set_property SOURCE_SET sources_1 [get_filesets sim_1]
close [ open C:/Users/tomas/OneDrive/Escritorio/Universidad/SEP/Proyecto/SEP-Grupo17/Proyecto1/Proyecto1.srcs/sim_1/new/tb_MemorySequency.vhd w ]
add_files -fileset sim_1 C:/Users/tomas/OneDrive/Escritorio/Universidad/SEP/Proyecto/SEP-Grupo17/Proyecto1/Proyecto1.srcs/sim_1/new/tb_MemorySequency.vhd
update_compile_order -fileset sim_1
reset_run synth_1
update_compile_order -fileset sim_1
launch_runs impl_1 -to_step write_bitstream -jobs 16
[Sun Aug 31 22:12:49 2025] Launched synth_1...
Run output will be captured here: C:/Users/tomas/OneDrive/Escritorio/Universidad/SEP/Proyecto/SEP-Grupo17/Proyecto1/Proyecto1.runs/synth_1/runme.log
[Sun Aug 31 22:12:49 2025] Launched impl_1...
Run output will be captured here: C:/Users/tomas/OneDrive/Escritorio/Universidad/SEP/Proyecto/SEP-Grupo17/Proyecto1/Proyecto1.runs/impl_1/runme.log
exit
INFO: [Common 17-206] Exiting Vivado at Sun Aug 31 22:14:26 2025...
