Copyright 1986-2020 Xilinx, Inc. All Rights Reserved.
-----------------------------------------------------------------------------------------------------------------------------------------------------------------------------------------------------------------
| Tool Version : Vivado v.2020.1 (win64) Build 2902540 Wed May 27 19:54:49 MDT 2020
| Date         : Wed Aug 27 10:43:55 2025
| Host         : LAPTOP-PPEH9OE5 running 64-bit major release  (build 9200)
| Command      : report_timing_summary -max_paths 10 -file MemorySequency_timing_summary_routed.rpt -pb MemorySequency_timing_summary_routed.pb -rpx MemorySequency_timing_summary_routed.rpx -warn_on_violation
| Design       : MemorySequency
| Device       : 7z010-clg400
| Speed File   : -1  PRODUCTION 1.12 2019-11-22
-----------------------------------------------------------------------------------------------------------------------------------------------------------------------------------------------------------------

Timing Summary Report

------------------------------------------------------------------------------------------------
| Timer Settings
| --------------
------------------------------------------------------------------------------------------------

  Enable Multi Corner Analysis               :  Yes
  Enable Pessimism Removal                   :  Yes
  Pessimism Removal Resolution               :  Nearest Common Node
  Enable Input Delay Default Clock           :  No
  Enable Preset / Clear Arcs                 :  No
  Disable Flight Delays                      :  No
  Ignore I/O Paths                           :  No
  Timing Early Launch at Borrowing Latches   :  No
  Borrow Time for Max Delay Exceptions       :  Yes
  Merge Timing Exceptions                    :  Yes

  Corner  Analyze    Analyze    
  Name    Max Paths  Min Paths  
  ------  ---------  ---------  
  Slow    Yes        Yes        
  Fast    Yes        Yes        



check_timing report

Table of Contents
-----------------
1. checking no_clock (251)
2. checking constant_clock (0)
3. checking pulse_width_clock (0)
4. checking unconstrained_internal_endpoints (312)
5. checking no_input_delay (2)
6. checking no_output_delay (4)
7. checking multiple_clock (0)
8. checking generated_clocks (0)
9. checking loops (0)
10. checking partial_input_delay (0)
11. checking partial_output_delay (0)
12. checking latch_loops (0)

1. checking no_clock (251)
--------------------------
 There are 28 register/latch pins with no clock driven by root clock pin: clk (HIGH)

 There are 31 register/latch pins with no clock driven by root clock pin: game_on (HIGH)

 There are 31 register/latch pins with no clock driven by root clock pin: reset (HIGH)

 There is 1 register/latch pin with no clock driven by root clock pin: counter_reg[10]_C/Q (HIGH)

 There is 1 register/latch pin with no clock driven by root clock pin: counter_reg[10]_P/Q (HIGH)

 There is 1 register/latch pin with no clock driven by root clock pin: counter_reg[11]_C/Q (HIGH)

 There is 1 register/latch pin with no clock driven by root clock pin: counter_reg[11]_P/Q (HIGH)

 There is 1 register/latch pin with no clock driven by root clock pin: counter_reg[12]_C/Q (HIGH)

 There is 1 register/latch pin with no clock driven by root clock pin: counter_reg[12]_P/Q (HIGH)

 There is 1 register/latch pin with no clock driven by root clock pin: counter_reg[13]_C/Q (HIGH)

 There is 1 register/latch pin with no clock driven by root clock pin: counter_reg[13]_P/Q (HIGH)

 There is 1 register/latch pin with no clock driven by root clock pin: counter_reg[14]_C/Q (HIGH)

 There is 1 register/latch pin with no clock driven by root clock pin: counter_reg[14]_P/Q (HIGH)

 There is 1 register/latch pin with no clock driven by root clock pin: counter_reg[15]_C/Q (HIGH)

 There is 1 register/latch pin with no clock driven by root clock pin: counter_reg[15]_P/Q (HIGH)

 There is 1 register/latch pin with no clock driven by root clock pin: counter_reg[16]_C/Q (HIGH)

 There is 1 register/latch pin with no clock driven by root clock pin: counter_reg[16]_P/Q (HIGH)

 There is 1 register/latch pin with no clock driven by root clock pin: counter_reg[17]_C/Q (HIGH)

 There is 1 register/latch pin with no clock driven by root clock pin: counter_reg[17]_P/Q (HIGH)

 There is 1 register/latch pin with no clock driven by root clock pin: counter_reg[18]_C/Q (HIGH)

 There is 1 register/latch pin with no clock driven by root clock pin: counter_reg[18]_P/Q (HIGH)

 There is 1 register/latch pin with no clock driven by root clock pin: counter_reg[19]_C/Q (HIGH)

 There is 1 register/latch pin with no clock driven by root clock pin: counter_reg[19]_P/Q (HIGH)

 There is 1 register/latch pin with no clock driven by root clock pin: counter_reg[1]_C/Q (HIGH)

 There is 1 register/latch pin with no clock driven by root clock pin: counter_reg[1]_P/Q (HIGH)

 There is 1 register/latch pin with no clock driven by root clock pin: counter_reg[20]_C/Q (HIGH)

 There is 1 register/latch pin with no clock driven by root clock pin: counter_reg[20]_P/Q (HIGH)

 There is 1 register/latch pin with no clock driven by root clock pin: counter_reg[21]_C/Q (HIGH)

 There is 1 register/latch pin with no clock driven by root clock pin: counter_reg[21]_P/Q (HIGH)

 There is 1 register/latch pin with no clock driven by root clock pin: counter_reg[22]_C/Q (HIGH)

 There is 1 register/latch pin with no clock driven by root clock pin: counter_reg[22]_P/Q (HIGH)

 There is 1 register/latch pin with no clock driven by root clock pin: counter_reg[23]_C/Q (HIGH)

 There is 1 register/latch pin with no clock driven by root clock pin: counter_reg[23]_P/Q (HIGH)

 There is 1 register/latch pin with no clock driven by root clock pin: counter_reg[24]_C/Q (HIGH)

 There is 1 register/latch pin with no clock driven by root clock pin: counter_reg[24]_P/Q (HIGH)

 There is 1 register/latch pin with no clock driven by root clock pin: counter_reg[25]_C/Q (HIGH)

 There is 1 register/latch pin with no clock driven by root clock pin: counter_reg[25]_P/Q (HIGH)

 There is 1 register/latch pin with no clock driven by root clock pin: counter_reg[26]_C/Q (HIGH)

 There is 1 register/latch pin with no clock driven by root clock pin: counter_reg[26]_P/Q (HIGH)

 There is 1 register/latch pin with no clock driven by root clock pin: counter_reg[27]_C/Q (HIGH)

 There is 1 register/latch pin with no clock driven by root clock pin: counter_reg[27]_P/Q (HIGH)

 There is 1 register/latch pin with no clock driven by root clock pin: counter_reg[28]_C/Q (HIGH)

 There is 1 register/latch pin with no clock driven by root clock pin: counter_reg[28]_P/Q (HIGH)

 There is 1 register/latch pin with no clock driven by root clock pin: counter_reg[29]_C/Q (HIGH)

 There is 1 register/latch pin with no clock driven by root clock pin: counter_reg[29]_P/Q (HIGH)

 There is 1 register/latch pin with no clock driven by root clock pin: counter_reg[2]_C/Q (HIGH)

 There is 1 register/latch pin with no clock driven by root clock pin: counter_reg[2]_P/Q (HIGH)

 There is 1 register/latch pin with no clock driven by root clock pin: counter_reg[30]_C/Q (HIGH)

 There is 1 register/latch pin with no clock driven by root clock pin: counter_reg[30]_P/Q (HIGH)

 There is 1 register/latch pin with no clock driven by root clock pin: counter_reg[31]_C/Q (HIGH)

 There is 1 register/latch pin with no clock driven by root clock pin: counter_reg[31]_P/Q (HIGH)

 There is 1 register/latch pin with no clock driven by root clock pin: counter_reg[3]_C/Q (HIGH)

 There is 1 register/latch pin with no clock driven by root clock pin: counter_reg[3]_P/Q (HIGH)

 There is 1 register/latch pin with no clock driven by root clock pin: counter_reg[4]_C/Q (HIGH)

 There is 1 register/latch pin with no clock driven by root clock pin: counter_reg[4]_P/Q (HIGH)

 There is 1 register/latch pin with no clock driven by root clock pin: counter_reg[5]_C/Q (HIGH)

 There is 1 register/latch pin with no clock driven by root clock pin: counter_reg[5]_P/Q (HIGH)

 There is 1 register/latch pin with no clock driven by root clock pin: counter_reg[6]_C/Q (HIGH)

 There is 1 register/latch pin with no clock driven by root clock pin: counter_reg[6]_P/Q (HIGH)

 There is 1 register/latch pin with no clock driven by root clock pin: counter_reg[7]_C/Q (HIGH)

 There is 1 register/latch pin with no clock driven by root clock pin: counter_reg[7]_P/Q (HIGH)

 There is 1 register/latch pin with no clock driven by root clock pin: counter_reg[8]_C/Q (HIGH)

 There is 1 register/latch pin with no clock driven by root clock pin: counter_reg[8]_P/Q (HIGH)

 There is 1 register/latch pin with no clock driven by root clock pin: counter_reg[9]_C/Q (HIGH)

 There is 1 register/latch pin with no clock driven by root clock pin: counter_reg[9]_P/Q (HIGH)

 There are 99 register/latch pins with no clock driven by root clock pin: u_ClkDiv/clk_reg_reg/Q (HIGH)


2. checking constant_clock (0)
------------------------------
 There are 0 register/latch pins with constant_clock.


3. checking pulse_width_clock (0)
---------------------------------
 There are 0 register/latch pins which need pulse_width check


4. checking unconstrained_internal_endpoints (312)
--------------------------------------------------
 There are 312 pins that are not constrained for maximum delay. (HIGH)

 There are 0 pins that are not constrained for maximum delay due to constant clock.


5. checking no_input_delay (2)
------------------------------
 There are 2 input ports with no input delay specified. (HIGH)

 There are 0 input ports with no input delay but user has a false path constraint.


6. checking no_output_delay (4)
-------------------------------
 There are 4 ports with no output delay specified. (HIGH)

 There are 0 ports with no output delay but user has a false path constraint

 There are 0 ports with no output delay but with a timing clock defined on it or propagating through it


7. checking multiple_clock (0)
------------------------------
 There are 0 register/latch pins with multiple clocks.


8. checking generated_clocks (0)
--------------------------------
 There are 0 generated clocks that are not connected to a clock source.


9. checking loops (0)
---------------------
 There are 0 combinational loops in the design.


10. checking partial_input_delay (0)
------------------------------------
 There are 0 input ports with partial input delay specified.


11. checking partial_output_delay (0)
-------------------------------------
 There are 0 ports with partial output delay specified.


12. checking latch_loops (0)
----------------------------
 There are 0 combinational latch loops in the design through latch input



------------------------------------------------------------------------------------------------
| Design Timing Summary
| ---------------------
------------------------------------------------------------------------------------------------

    WNS(ns)      TNS(ns)  TNS Failing Endpoints  TNS Total Endpoints      WHS(ns)      THS(ns)  THS Failing Endpoints  THS Total Endpoints     WPWS(ns)     TPWS(ns)  TPWS Failing Endpoints  TPWS Total Endpoints  
    -------      -------  ---------------------  -------------------      -------      -------  ---------------------  -------------------     --------     --------  ----------------------  --------------------  
         NA           NA                     NA                   NA           NA           NA                     NA                   NA           NA           NA                      NA                    NA  


There are no user specified timing constraints.


------------------------------------------------------------------------------------------------
| Clock Summary
| -------------
------------------------------------------------------------------------------------------------


------------------------------------------------------------------------------------------------
| Intra Clock Table
| -----------------
------------------------------------------------------------------------------------------------

Clock             WNS(ns)      TNS(ns)  TNS Failing Endpoints  TNS Total Endpoints      WHS(ns)      THS(ns)  THS Failing Endpoints  THS Total Endpoints     WPWS(ns)     TPWS(ns)  TPWS Failing Endpoints  TPWS Total Endpoints  
-----             -------      -------  ---------------------  -------------------      -------      -------  ---------------------  -------------------     --------     --------  ----------------------  --------------------  


------------------------------------------------------------------------------------------------
| Inter Clock Table
| -----------------
------------------------------------------------------------------------------------------------

From Clock    To Clock          WNS(ns)      TNS(ns)  TNS Failing Endpoints  TNS Total Endpoints      WHS(ns)      THS(ns)  THS Failing Endpoints  THS Total Endpoints  
----------    --------          -------      -------  ---------------------  -------------------      -------      -------  ---------------------  -------------------  


------------------------------------------------------------------------------------------------
| Other Path Groups Table
| -----------------------
------------------------------------------------------------------------------------------------

Path Group    From Clock    To Clock          WNS(ns)      TNS(ns)  TNS Failing Endpoints  TNS Total Endpoints      WHS(ns)      THS(ns)  THS Failing Endpoints  THS Total Endpoints  
----------    ----------    --------          -------      -------  ---------------------  -------------------      -------      -------  ---------------------  -------------------  


------------------------------------------------------------------------------------------------
| Timing Details
| --------------
------------------------------------------------------------------------------------------------


