Copyright 1986-2020 Xilinx, Inc. All Rights Reserved.
------------------------------------------------------------------------------------------------------------------------------------
| Tool Version : Vivado v.2020.1 (win64) Build 2902540 Wed May 27 19:54:49 MDT 2020
| Date         : Wed Aug 27 10:43:53 2025
| Host         : LAPTOP-PPEH9OE5 running 64-bit major release  (build 9200)
| Command      : report_drc -file MemorySequency_drc_routed.rpt -pb MemorySequency_drc_routed.pb -rpx MemorySequency_drc_routed.rpx
| Design       : MemorySequency
| Device       : xc7z010clg400-1
| Speed File   : -1
| Design State : Fully Routed
------------------------------------------------------------------------------------------------------------------------------------

Report DRC

Table of Contents
-----------------
1. REPORT SUMMARY
2. REPORT DETAILS

1. REPORT SUMMARY
-----------------
            Netlist: netlist
          Floorplan: design_1
      Design limits: <entire design considered>
           Ruledeck: default
             Max violations: <unlimited>
             Violations found: 33
+----------+----------+--------------------+------------+
| Rule     | Severity | Description        | Violations |
+----------+----------+--------------------+------------+
| PDRC-153 | Warning  | Gated clock check  | 32         |
| ZPS7-1   | Warning  | PS7 block required | 1          |
+----------+----------+--------------------+------------+

2. REPORT DETAILS
-----------------
PDRC-153#1 Warning
Gated clock check  
Net counter_reg[0]_LDC_i_1_n_0 is a gated clock net sourced by a combinational pin counter_reg[0]_LDC_i_1/O, cell counter_reg[0]_LDC_i_1. This is not good design practice and will likely impact performance. For SLICE registers, for example, use the CE pin to control the loading of data.
Related violations: <none>

PDRC-153#2 Warning
Gated clock check  
Net counter_reg[10]_LDC_i_1_n_0 is a gated clock net sourced by a combinational pin counter_reg[10]_LDC_i_1/O, cell counter_reg[10]_LDC_i_1. This is not good design practice and will likely impact performance. For SLICE registers, for example, use the CE pin to control the loading of data.
Related violations: <none>

PDRC-153#3 Warning
Gated clock check  
Net counter_reg[11]_LDC_i_1_n_0 is a gated clock net sourced by a combinational pin counter_reg[11]_LDC_i_1/O, cell counter_reg[11]_LDC_i_1. This is not good design practice and will likely impact performance. For SLICE registers, for example, use the CE pin to control the loading of data.
Related violations: <none>

PDRC-153#4 Warning
Gated clock check  
Net counter_reg[12]_LDC_i_1_n_0 is a gated clock net sourced by a combinational pin counter_reg[12]_LDC_i_1/O, cell counter_reg[12]_LDC_i_1. This is not good design practice and will likely impact performance. For SLICE registers, for example, use the CE pin to control the loading of data.
Related violations: <none>

PDRC-153#5 Warning
Gated clock check  
Net counter_reg[13]_LDC_i_1_n_0 is a gated clock net sourced by a combinational pin counter_reg[13]_LDC_i_1/O, cell counter_reg[13]_LDC_i_1. This is not good design practice and will likely impact performance. For SLICE registers, for example, use the CE pin to control the loading of data.
Related violations: <none>

PDRC-153#6 Warning
Gated clock check  
Net counter_reg[14]_LDC_i_1_n_0 is a gated clock net sourced by a combinational pin counter_reg[14]_LDC_i_1/O, cell counter_reg[14]_LDC_i_1. This is not good design practice and will likely impact performance. For SLICE registers, for example, use the CE pin to control the loading of data.
Related violations: <none>

PDRC-153#7 Warning
Gated clock check  
Net counter_reg[15]_LDC_i_1_n_0 is a gated clock net sourced by a combinational pin counter_reg[15]_LDC_i_1/O, cell counter_reg[15]_LDC_i_1. This is not good design practice and will likely impact performance. For SLICE registers, for example, use the CE pin to control the loading of data.
Related violations: <none>

PDRC-153#8 Warning
Gated clock check  
Net counter_reg[16]_LDC_i_1_n_0 is a gated clock net sourced by a combinational pin counter_reg[16]_LDC_i_1/O, cell counter_reg[16]_LDC_i_1. This is not good design practice and will likely impact performance. For SLICE registers, for example, use the CE pin to control the loading of data.
Related violations: <none>

PDRC-153#9 Warning
Gated clock check  
Net counter_reg[17]_LDC_i_1_n_0 is a gated clock net sourced by a combinational pin counter_reg[17]_LDC_i_1/O, cell counter_reg[17]_LDC_i_1. This is not good design practice and will likely impact performance. For SLICE registers, for example, use the CE pin to control the loading of data.
Related violations: <none>

PDRC-153#10 Warning
Gated clock check  
Net counter_reg[18]_LDC_i_1_n_0 is a gated clock net sourced by a combinational pin counter_reg[18]_LDC_i_1/O, cell counter_reg[18]_LDC_i_1. This is not good design practice and will likely impact performance. For SLICE registers, for example, use the CE pin to control the loading of data.
Related violations: <none>

PDRC-153#11 Warning
Gated clock check  
Net counter_reg[19]_LDC_i_1_n_0 is a gated clock net sourced by a combinational pin counter_reg[19]_LDC_i_1/O, cell counter_reg[19]_LDC_i_1. This is not good design practice and will likely impact performance. For SLICE registers, for example, use the CE pin to control the loading of data.
Related violations: <none>

PDRC-153#12 Warning
Gated clock check  
Net counter_reg[1]_LDC_i_1_n_0 is a gated clock net sourced by a combinational pin counter_reg[1]_LDC_i_1/O, cell counter_reg[1]_LDC_i_1. This is not good design practice and will likely impact performance. For SLICE registers, for example, use the CE pin to control the loading of data.
Related violations: <none>

PDRC-153#13 Warning
Gated clock check  
Net counter_reg[20]_LDC_i_1_n_0 is a gated clock net sourced by a combinational pin counter_reg[20]_LDC_i_1/O, cell counter_reg[20]_LDC_i_1. This is not good design practice and will likely impact performance. For SLICE registers, for example, use the CE pin to control the loading of data.
Related violations: <none>

PDRC-153#14 Warning
Gated clock check  
Net counter_reg[21]_LDC_i_1_n_0 is a gated clock net sourced by a combinational pin counter_reg[21]_LDC_i_1/O, cell counter_reg[21]_LDC_i_1. This is not good design practice and will likely impact performance. For SLICE registers, for example, use the CE pin to control the loading of data.
Related violations: <none>

PDRC-153#15 Warning
Gated clock check  
Net counter_reg[22]_LDC_i_1_n_0 is a gated clock net sourced by a combinational pin counter_reg[22]_LDC_i_1/O, cell counter_reg[22]_LDC_i_1. This is not good design practice and will likely impact performance. For SLICE registers, for example, use the CE pin to control the loading of data.
Related violations: <none>

PDRC-153#16 Warning
Gated clock check  
Net counter_reg[23]_LDC_i_1_n_0 is a gated clock net sourced by a combinational pin counter_reg[23]_LDC_i_1/O, cell counter_reg[23]_LDC_i_1. This is not good design practice and will likely impact performance. For SLICE registers, for example, use the CE pin to control the loading of data.
Related violations: <none>

PDRC-153#17 Warning
Gated clock check  
Net counter_reg[24]_LDC_i_1_n_0 is a gated clock net sourced by a combinational pin counter_reg[24]_LDC_i_1/O, cell counter_reg[24]_LDC_i_1. This is not good design practice and will likely impact performance. For SLICE registers, for example, use the CE pin to control the loading of data.
Related violations: <none>

PDRC-153#18 Warning
Gated clock check  
Net counter_reg[25]_LDC_i_1_n_0 is a gated clock net sourced by a combinational pin counter_reg[25]_LDC_i_1/O, cell counter_reg[25]_LDC_i_1. This is not good design practice and will likely impact performance. For SLICE registers, for example, use the CE pin to control the loading of data.
Related violations: <none>

PDRC-153#19 Warning
Gated clock check  
Net counter_reg[26]_LDC_i_1_n_0 is a gated clock net sourced by a combinational pin counter_reg[26]_LDC_i_1/O, cell counter_reg[26]_LDC_i_1. This is not good design practice and will likely impact performance. For SLICE registers, for example, use the CE pin to control the loading of data.
Related violations: <none>

PDRC-153#20 Warning
Gated clock check  
Net counter_reg[27]_LDC_i_1_n_0 is a gated clock net sourced by a combinational pin counter_reg[27]_LDC_i_1/O, cell counter_reg[27]_LDC_i_1. This is not good design practice and will likely impact performance. For SLICE registers, for example, use the CE pin to control the loading of data.
Related violations: <none>

PDRC-153#21 Warning
Gated clock check  
Net counter_reg[28]_LDC_i_1_n_0 is a gated clock net sourced by a combinational pin counter_reg[28]_LDC_i_1/O, cell counter_reg[28]_LDC_i_1. This is not good design practice and will likely impact performance. For SLICE registers, for example, use the CE pin to control the loading of data.
Related violations: <none>

PDRC-153#22 Warning
Gated clock check  
Net counter_reg[29]_LDC_i_1_n_0 is a gated clock net sourced by a combinational pin counter_reg[29]_LDC_i_1/O, cell counter_reg[29]_LDC_i_1. This is not good design practice and will likely impact performance. For SLICE registers, for example, use the CE pin to control the loading of data.
Related violations: <none>

PDRC-153#23 Warning
Gated clock check  
Net counter_reg[2]_LDC_i_1_n_0 is a gated clock net sourced by a combinational pin counter_reg[2]_LDC_i_1/O, cell counter_reg[2]_LDC_i_1. This is not good design practice and will likely impact performance. For SLICE registers, for example, use the CE pin to control the loading of data.
Related violations: <none>

PDRC-153#24 Warning
Gated clock check  
Net counter_reg[30]_LDC_i_1_n_0 is a gated clock net sourced by a combinational pin counter_reg[30]_LDC_i_1/O, cell counter_reg[30]_LDC_i_1. This is not good design practice and will likely impact performance. For SLICE registers, for example, use the CE pin to control the loading of data.
Related violations: <none>

PDRC-153#25 Warning
Gated clock check  
Net counter_reg[31]_LDC_i_1_n_0 is a gated clock net sourced by a combinational pin counter_reg[31]_LDC_i_1/O, cell counter_reg[31]_LDC_i_1. This is not good design practice and will likely impact performance. For SLICE registers, for example, use the CE pin to control the loading of data.
Related violations: <none>

PDRC-153#26 Warning
Gated clock check  
Net counter_reg[3]_LDC_i_1_n_0 is a gated clock net sourced by a combinational pin counter_reg[3]_LDC_i_1/O, cell counter_reg[3]_LDC_i_1. This is not good design practice and will likely impact performance. For SLICE registers, for example, use the CE pin to control the loading of data.
Related violations: <none>

PDRC-153#27 Warning
Gated clock check  
Net counter_reg[4]_LDC_i_1_n_0 is a gated clock net sourced by a combinational pin counter_reg[4]_LDC_i_1/O, cell counter_reg[4]_LDC_i_1. This is not good design practice and will likely impact performance. For SLICE registers, for example, use the CE pin to control the loading of data.
Related violations: <none>

PDRC-153#28 Warning
Gated clock check  
Net counter_reg[5]_LDC_i_1_n_0 is a gated clock net sourced by a combinational pin counter_reg[5]_LDC_i_1/O, cell counter_reg[5]_LDC_i_1. This is not good design practice and will likely impact performance. For SLICE registers, for example, use the CE pin to control the loading of data.
Related violations: <none>

PDRC-153#29 Warning
Gated clock check  
Net counter_reg[6]_LDC_i_1_n_0 is a gated clock net sourced by a combinational pin counter_reg[6]_LDC_i_1/O, cell counter_reg[6]_LDC_i_1. This is not good design practice and will likely impact performance. For SLICE registers, for example, use the CE pin to control the loading of data.
Related violations: <none>

PDRC-153#30 Warning
Gated clock check  
Net counter_reg[7]_LDC_i_1_n_0 is a gated clock net sourced by a combinational pin counter_reg[7]_LDC_i_1/O, cell counter_reg[7]_LDC_i_1. This is not good design practice and will likely impact performance. For SLICE registers, for example, use the CE pin to control the loading of data.
Related violations: <none>

PDRC-153#31 Warning
Gated clock check  
Net counter_reg[8]_LDC_i_1_n_0 is a gated clock net sourced by a combinational pin counter_reg[8]_LDC_i_1/O, cell counter_reg[8]_LDC_i_1. This is not good design practice and will likely impact performance. For SLICE registers, for example, use the CE pin to control the loading of data.
Related violations: <none>

PDRC-153#32 Warning
Gated clock check  
Net counter_reg[9]_LDC_i_1_n_0 is a gated clock net sourced by a combinational pin counter_reg[9]_LDC_i_1/O, cell counter_reg[9]_LDC_i_1. This is not good design practice and will likely impact performance. For SLICE registers, for example, use the CE pin to control the loading of data.
Related violations: <none>

ZPS7-1#1 Warning
PS7 block required  
The PS7 cell must be used in this Zynq design in order to enable correct default configuration.
Related violations: <none>


