
*** Running vivado
    with args -log MemorySequency.vdi -applog -m64 -product Vivado -messageDb vivado.pb -mode batch -source MemorySequency.tcl -notrace



****** Vivado v2020.1 (64-bit)
  **** SW Build 2902540 on Wed May 27 19:54:49 MDT 2020
  **** IP Build 2902112 on Wed May 27 22:43:36 MDT 2020
    ** Copyright 1986-2020 Xilinx, Inc. All Rights Reserved.

source MemorySequency.tcl -notrace
Command: link_design -top MemorySequency -part xc7z010clg400-1
Design is defaulting to srcset: sources_1
Design is defaulting to constrset: constrs_1
INFO: [Device 21-403] Loading part xc7z010clg400-1
Netlist sorting complete. Time (s): cpu = 00:00:00 ; elapsed = 00:00:00.007 . Memory (MB): peak = 1115.312 ; gain = 0.000
INFO: [Netlist 29-17] Analyzing 274 Unisim elements for replacement
INFO: [Netlist 29-28] Unisim Transformation completed in 0 CPU seconds
WARNING: [Netlist 29-101] Netlist 'MemorySequency' is not ideal for floorplanning, since the cellview 'ClockDivider' contains a large number of primitives.  Please consider enabling hierarchy in synthesis if you want to do floorplanning.
INFO: [Project 1-479] Netlist was created with Vivado 2020.1
INFO: [Project 1-570] Preparing netlist for logic optimization
Parsing XDC File [E:/2025-2/IEE2463 - Sistemas Electronicos Programables/SEP-Grupo17/Proyecto1/Proyecto1.srcs/constrs_1/imports/Downloads/Zybo-Z7-Master.xdc]
WARNING: [Vivado 12-584] No ports matched 'btn[0]'. [E:/2025-2/IEE2463 - Sistemas Electronicos Programables/SEP-Grupo17/Proyecto1/Proyecto1.srcs/constrs_1/imports/Downloads/Zybo-Z7-Master.xdc:20]
CRITICAL WARNING: [Common 17-55] 'set_property' expects at least one object. [E:/2025-2/IEE2463 - Sistemas Electronicos Programables/SEP-Grupo17/Proyecto1/Proyecto1.srcs/constrs_1/imports/Downloads/Zybo-Z7-Master.xdc:20]
Resolution: If [get_<value>] was used to populate the object, check to make sure this command returns at least one valid object.
WARNING: [Vivado 12-584] No ports matched 'btn[1]'. [E:/2025-2/IEE2463 - Sistemas Electronicos Programables/SEP-Grupo17/Proyecto1/Proyecto1.srcs/constrs_1/imports/Downloads/Zybo-Z7-Master.xdc:21]
CRITICAL WARNING: [Common 17-55] 'set_property' expects at least one object. [E:/2025-2/IEE2463 - Sistemas Electronicos Programables/SEP-Grupo17/Proyecto1/Proyecto1.srcs/constrs_1/imports/Downloads/Zybo-Z7-Master.xdc:21]
Resolution: If [get_<value>] was used to populate the object, check to make sure this command returns at least one valid object.
WARNING: [Vivado 12-584] No ports matched 'btn[2]'. [E:/2025-2/IEE2463 - Sistemas Electronicos Programables/SEP-Grupo17/Proyecto1/Proyecto1.srcs/constrs_1/imports/Downloads/Zybo-Z7-Master.xdc:22]
CRITICAL WARNING: [Common 17-55] 'set_property' expects at least one object. [E:/2025-2/IEE2463 - Sistemas Electronicos Programables/SEP-Grupo17/Proyecto1/Proyecto1.srcs/constrs_1/imports/Downloads/Zybo-Z7-Master.xdc:22]
Resolution: If [get_<value>] was used to populate the object, check to make sure this command returns at least one valid object.
WARNING: [Vivado 12-584] No ports matched 'btn[3]'. [E:/2025-2/IEE2463 - Sistemas Electronicos Programables/SEP-Grupo17/Proyecto1/Proyecto1.srcs/constrs_1/imports/Downloads/Zybo-Z7-Master.xdc:23]
CRITICAL WARNING: [Common 17-55] 'set_property' expects at least one object. [E:/2025-2/IEE2463 - Sistemas Electronicos Programables/SEP-Grupo17/Proyecto1/Proyecto1.srcs/constrs_1/imports/Downloads/Zybo-Z7-Master.xdc:23]
Resolution: If [get_<value>] was used to populate the object, check to make sure this command returns at least one valid object.
WARNING: [Vivado 12-584] No ports matched 'led6_b'. [E:/2025-2/IEE2463 - Sistemas Electronicos Programables/SEP-Grupo17/Proyecto1/Proyecto1.srcs/constrs_1/imports/Downloads/Zybo-Z7-Master.xdc:41]
CRITICAL WARNING: [Common 17-55] 'set_property' expects at least one object. [E:/2025-2/IEE2463 - Sistemas Electronicos Programables/SEP-Grupo17/Proyecto1/Proyecto1.srcs/constrs_1/imports/Downloads/Zybo-Z7-Master.xdc:41]
Resolution: If [get_<value>] was used to populate the object, check to make sure this command returns at least one valid object.
Finished Parsing XDC File [E:/2025-2/IEE2463 - Sistemas Electronicos Programables/SEP-Grupo17/Proyecto1/Proyecto1.srcs/constrs_1/imports/Downloads/Zybo-Z7-Master.xdc]
INFO: [Opt 31-138] Pushed 0 inverter(s) to 0 load pin(s).
Netlist sorting complete. Time (s): cpu = 00:00:00 ; elapsed = 00:00:00 . Memory (MB): peak = 1115.312 ; gain = 0.000
INFO: [Project 1-111] Unisim Transformation Summary:
No Unisim elements were transformed.

7 Infos, 6 Warnings, 5 Critical Warnings and 0 Errors encountered.
link_design completed successfully
link_design: Time (s): cpu = 00:00:04 ; elapsed = 00:00:05 . Memory (MB): peak = 1115.312 ; gain = 0.000
Command: opt_design
Attempting to get a license for feature 'Implementation' and/or device 'xc7z010'
INFO: [Common 17-349] Got license for feature 'Implementation' and/or device 'xc7z010'
Running DRC as a precondition to command opt_design

Starting DRC Task
INFO: [DRC 23-27] Running DRC with 2 threads
INFO: [Project 1-461] DRC finished with 0 Errors
INFO: [Project 1-462] Please refer to the DRC report (report_drc) for more information.

Time (s): cpu = 00:00:00 ; elapsed = 00:00:00.562 . Memory (MB): peak = 1115.312 ; gain = 0.000

Starting Cache Timing Information Task
INFO: [Timing 38-35] Done setting XDC timing constraints.
Ending Cache Timing Information Task | Checksum: 24e7f736c

Time (s): cpu = 00:00:05 ; elapsed = 00:00:05 . Memory (MB): peak = 1532.672 ; gain = 417.359

Starting Logic Optimization Task

Phase 1 Retarget
INFO: [Opt 31-138] Pushed 0 inverter(s) to 0 load pin(s).
INFO: [Opt 31-49] Retargeted 0 cell(s).
Phase 1 Retarget | Checksum: 24e7f736c

Time (s): cpu = 00:00:00 ; elapsed = 00:00:00.052 . Memory (MB): peak = 1740.922 ; gain = 0.000
INFO: [Opt 31-389] Phase Retarget created 0 cells and removed 0 cells

Phase 2 Constant propagation
INFO: [Opt 31-138] Pushed 0 inverter(s) to 0 load pin(s).
Phase 2 Constant propagation | Checksum: 1fa32f793

Time (s): cpu = 00:00:00 ; elapsed = 00:00:00.061 . Memory (MB): peak = 1740.922 ; gain = 0.000
INFO: [Opt 31-389] Phase Constant propagation created 0 cells and removed 0 cells

Phase 3 Sweep
Phase 3 Sweep | Checksum: 2259b58ea

Time (s): cpu = 00:00:00 ; elapsed = 00:00:00.093 . Memory (MB): peak = 1740.922 ; gain = 0.000
INFO: [Opt 31-389] Phase Sweep created 0 cells and removed 0 cells

Phase 4 BUFG optimization
Phase 4 BUFG optimization | Checksum: 2259b58ea

Time (s): cpu = 00:00:00 ; elapsed = 00:00:00.120 . Memory (MB): peak = 1740.922 ; gain = 0.000
INFO: [Opt 31-662] Phase BUFG optimization created 0 cells of which 0 are BUFGs and removed 0 cells.

Phase 5 Shift Register Optimization
INFO: [Opt 31-1064] SRL Remap converted 0 SRLs to 0 registers and converted 0 registers of register chains to 0 SRLs
Phase 5 Shift Register Optimization | Checksum: 2259b58ea

Time (s): cpu = 00:00:00 ; elapsed = 00:00:00.128 . Memory (MB): peak = 1740.922 ; gain = 0.000
INFO: [Opt 31-389] Phase Shift Register Optimization created 0 cells and removed 0 cells

Phase 6 Post Processing Netlist
Phase 6 Post Processing Netlist | Checksum: 2259b58ea

Time (s): cpu = 00:00:00 ; elapsed = 00:00:00.132 . Memory (MB): peak = 1740.922 ; gain = 0.000
INFO: [Opt 31-389] Phase Post Processing Netlist created 0 cells and removed 0 cells
Opt_design Change Summary
=========================


-------------------------------------------------------------------------------------------------------------------------
|  Phase                        |  #Cells created  |  #Cells Removed  |  #Constrained objects preventing optimizations  |
-------------------------------------------------------------------------------------------------------------------------
|  Retarget                     |               0  |               0  |                                              0  |
|  Constant propagation         |               0  |               0  |                                              0  |
|  Sweep                        |               0  |               0  |                                              0  |
|  BUFG optimization            |               0  |               0  |                                              0  |
|  Shift Register Optimization  |               0  |               0  |                                              0  |
|  Post Processing Netlist      |               0  |               0  |                                              0  |
-------------------------------------------------------------------------------------------------------------------------



Starting Connectivity Check Task

Time (s): cpu = 00:00:00 ; elapsed = 00:00:00.002 . Memory (MB): peak = 1740.922 ; gain = 0.000
Ending Logic Optimization Task | Checksum: 1b73dd46a

Time (s): cpu = 00:00:00 ; elapsed = 00:00:00.190 . Memory (MB): peak = 1740.922 ; gain = 0.000

Starting Power Optimization Task
INFO: [Pwropt 34-132] Skipping clock gating for clocks with a period < 2.00 ns.
Ending Power Optimization Task | Checksum: 1b73dd46a

Time (s): cpu = 00:00:00 ; elapsed = 00:00:00.005 . Memory (MB): peak = 1740.922 ; gain = 0.000

Starting Final Cleanup Task
Ending Final Cleanup Task | Checksum: 1b73dd46a

Time (s): cpu = 00:00:00 ; elapsed = 00:00:00 . Memory (MB): peak = 1740.922 ; gain = 0.000

Starting Netlist Obfuscation Task
Netlist sorting complete. Time (s): cpu = 00:00:00 ; elapsed = 00:00:00 . Memory (MB): peak = 1740.922 ; gain = 0.000
Ending Netlist Obfuscation Task | Checksum: 1b73dd46a

Time (s): cpu = 00:00:00 ; elapsed = 00:00:00 . Memory (MB): peak = 1740.922 ; gain = 0.000
INFO: [Common 17-83] Releasing license: Implementation
24 Infos, 6 Warnings, 5 Critical Warnings and 0 Errors encountered.
opt_design completed successfully
opt_design: Time (s): cpu = 00:00:07 ; elapsed = 00:00:08 . Memory (MB): peak = 1740.922 ; gain = 625.609
INFO: [Timing 38-480] Writing timing data to binary archive.
Writing placer database...
Writing XDEF routing.
Writing XDEF routing logical nets.
Writing XDEF routing special nets.
Write XDEF Complete: Time (s): cpu = 00:00:00 ; elapsed = 00:00:00.026 . Memory (MB): peak = 1740.922 ; gain = 0.000
INFO: [Common 17-1381] The checkpoint 'E:/2025-2/IEE2463 - Sistemas Electronicos Programables/SEP-Grupo17/Proyecto1/Proyecto1.runs/impl_1/MemorySequency_opt.dcp' has been generated.
INFO: [runtcl-4] Executing : report_drc -file MemorySequency_drc_opted.rpt -pb MemorySequency_drc_opted.pb -rpx MemorySequency_drc_opted.rpx
Command: report_drc -file MemorySequency_drc_opted.rpt -pb MemorySequency_drc_opted.pb -rpx MemorySequency_drc_opted.rpx
INFO: [IP_Flow 19-234] Refreshing IP repositories
INFO: [IP_Flow 19-1704] No user IP repositories specified
INFO: [IP_Flow 19-2313] Loaded Vivado IP repository 'C:/Xilinx/Vivado/2020.1/data/ip'.
INFO: [DRC 23-27] Running DRC with 2 threads
INFO: [Coretcl 2-168] The results of DRC are in file E:/2025-2/IEE2463 - Sistemas Electronicos Programables/SEP-Grupo17/Proyecto1/Proyecto1.runs/impl_1/MemorySequency_drc_opted.rpt.
report_drc completed successfully
Command: place_design
Attempting to get a license for feature 'Implementation' and/or device 'xc7z010'
INFO: [Common 17-349] Got license for feature 'Implementation' and/or device 'xc7z010'
INFO: [DRC 23-27] Running DRC with 2 threads
INFO: [Vivado_Tcl 4-198] DRC finished with 0 Errors
INFO: [Vivado_Tcl 4-199] Please refer to the DRC report (report_drc) for more information.
Running DRC as a precondition to command place_design
INFO: [DRC 23-27] Running DRC with 2 threads
INFO: [Vivado_Tcl 4-198] DRC finished with 0 Errors
INFO: [Vivado_Tcl 4-199] Please refer to the DRC report (report_drc) for more information.

Starting Placer Task
INFO: [Place 30-611] Multithreading enabled for place_design using a maximum of 2 CPUs

Phase 1 Placer Initialization

Phase 1.1 Placer Initialization Netlist Sorting
Netlist sorting complete. Time (s): cpu = 00:00:00 ; elapsed = 00:00:00 . Memory (MB): peak = 1740.922 ; gain = 0.000
Phase 1.1 Placer Initialization Netlist Sorting | Checksum: 15464adb6

Time (s): cpu = 00:00:00 ; elapsed = 00:00:00.004 . Memory (MB): peak = 1740.922 ; gain = 0.000
Netlist sorting complete. Time (s): cpu = 00:00:00 ; elapsed = 00:00:00 . Memory (MB): peak = 1740.922 ; gain = 0.000

Phase 1.2 IO Placement/ Clock Placement/ Build Placer Device
INFO: [Timing 38-35] Done setting XDC timing constraints.
Phase 1.2 IO Placement/ Clock Placement/ Build Placer Device | Checksum: d8358d0c

Time (s): cpu = 00:00:01 ; elapsed = 00:00:00.203 . Memory (MB): peak = 1740.922 ; gain = 0.000

Phase 1.3 Build Placer Netlist Model
Phase 1.3 Build Placer Netlist Model | Checksum: ee311d94

Time (s): cpu = 00:00:01 ; elapsed = 00:00:00.242 . Memory (MB): peak = 1740.922 ; gain = 0.000

Phase 1.4 Constrain Clocks/Macros
Phase 1.4 Constrain Clocks/Macros | Checksum: ee311d94

Time (s): cpu = 00:00:01 ; elapsed = 00:00:00.243 . Memory (MB): peak = 1740.922 ; gain = 0.000
Phase 1 Placer Initialization | Checksum: ee311d94

Time (s): cpu = 00:00:01 ; elapsed = 00:00:00.244 . Memory (MB): peak = 1740.922 ; gain = 0.000

Phase 2 Global Placement

Phase 2.1 Floorplanning
Phase 2.1 Floorplanning | Checksum: ee311d94

Time (s): cpu = 00:00:01 ; elapsed = 00:00:00.246 . Memory (MB): peak = 1740.922 ; gain = 0.000

Phase 2.2 Global Placement Core
WARNING: [Place 46-29] place_design is not in timing mode. Skip physical synthesis in placer
Phase 2.2 Global Placement Core | Checksum: 1625f09d7

Time (s): cpu = 00:00:02 ; elapsed = 00:00:00.893 . Memory (MB): peak = 1740.922 ; gain = 0.000
Phase 2 Global Placement | Checksum: 1625f09d7

Time (s): cpu = 00:00:02 ; elapsed = 00:00:00.894 . Memory (MB): peak = 1740.922 ; gain = 0.000

Phase 3 Detail Placement

Phase 3.1 Commit Multi Column Macros
Phase 3.1 Commit Multi Column Macros | Checksum: 1625f09d7

Time (s): cpu = 00:00:02 ; elapsed = 00:00:00.897 . Memory (MB): peak = 1740.922 ; gain = 0.000

Phase 3.2 Commit Most Macros & LUTRAMs
Phase 3.2 Commit Most Macros & LUTRAMs | Checksum: e33f8eff

Time (s): cpu = 00:00:02 ; elapsed = 00:00:00.950 . Memory (MB): peak = 1740.922 ; gain = 0.000

Phase 3.3 Area Swap Optimization
Phase 3.3 Area Swap Optimization | Checksum: 1d9afcdd1

Time (s): cpu = 00:00:02 ; elapsed = 00:00:00.960 . Memory (MB): peak = 1740.922 ; gain = 0.000

Phase 3.4 Pipeline Register Optimization
Phase 3.4 Pipeline Register Optimization | Checksum: 1d9afcdd1

Time (s): cpu = 00:00:02 ; elapsed = 00:00:00.964 . Memory (MB): peak = 1740.922 ; gain = 0.000

Phase 3.5 Small Shape Detail Placement
Phase 3.5 Small Shape Detail Placement | Checksum: 19cc3f78c

Time (s): cpu = 00:00:02 ; elapsed = 00:00:01 . Memory (MB): peak = 1740.922 ; gain = 0.000

Phase 3.6 Re-assign LUT pins
Phase 3.6 Re-assign LUT pins | Checksum: 19cc3f78c

Time (s): cpu = 00:00:02 ; elapsed = 00:00:01 . Memory (MB): peak = 1740.922 ; gain = 0.000

Phase 3.7 Pipeline Register Optimization
Phase 3.7 Pipeline Register Optimization | Checksum: 19cc3f78c

Time (s): cpu = 00:00:02 ; elapsed = 00:00:01 . Memory (MB): peak = 1740.922 ; gain = 0.000
Phase 3 Detail Placement | Checksum: 19cc3f78c

Time (s): cpu = 00:00:02 ; elapsed = 00:00:01 . Memory (MB): peak = 1740.922 ; gain = 0.000

Phase 4 Post Placement Optimization and Clean-Up

Phase 4.1 Post Commit Optimization
Phase 4.1 Post Commit Optimization | Checksum: 19cc3f78c

Time (s): cpu = 00:00:02 ; elapsed = 00:00:01 . Memory (MB): peak = 1740.922 ; gain = 0.000

Phase 4.2 Post Placement Cleanup
Phase 4.2 Post Placement Cleanup | Checksum: 19cc3f78c

Time (s): cpu = 00:00:02 ; elapsed = 00:00:01 . Memory (MB): peak = 1740.922 ; gain = 0.000

Phase 4.3 Placer Reporting
Phase 4.3 Placer Reporting | Checksum: 19cc3f78c

Time (s): cpu = 00:00:02 ; elapsed = 00:00:01 . Memory (MB): peak = 1740.922 ; gain = 0.000

Phase 4.4 Final Placement Cleanup
Netlist sorting complete. Time (s): cpu = 00:00:00 ; elapsed = 00:00:00 . Memory (MB): peak = 1740.922 ; gain = 0.000
Phase 4.4 Final Placement Cleanup | Checksum: 1d7c3a433

Time (s): cpu = 00:00:02 ; elapsed = 00:00:01 . Memory (MB): peak = 1740.922 ; gain = 0.000
Phase 4 Post Placement Optimization and Clean-Up | Checksum: 1d7c3a433

Time (s): cpu = 00:00:02 ; elapsed = 00:00:01 . Memory (MB): peak = 1740.922 ; gain = 0.000
Ending Placer Task | Checksum: 162a42de4

Time (s): cpu = 00:00:02 ; elapsed = 00:00:01 . Memory (MB): peak = 1740.922 ; gain = 0.000
INFO: [Common 17-83] Releasing license: Implementation
42 Infos, 7 Warnings, 5 Critical Warnings and 0 Errors encountered.
place_design completed successfully
INFO: [Timing 38-480] Writing timing data to binary archive.
Writing placer database...
Writing XDEF routing.
Writing XDEF routing logical nets.
Writing XDEF routing special nets.
Write XDEF Complete: Time (s): cpu = 00:00:00 ; elapsed = 00:00:00.079 . Memory (MB): peak = 1741.793 ; gain = 0.871
INFO: [Common 17-1381] The checkpoint 'E:/2025-2/IEE2463 - Sistemas Electronicos Programables/SEP-Grupo17/Proyecto1/Proyecto1.runs/impl_1/MemorySequency_placed.dcp' has been generated.
INFO: [runtcl-4] Executing : report_io -file MemorySequency_io_placed.rpt
report_io: Time (s): cpu = 00:00:00 ; elapsed = 00:00:00.027 . Memory (MB): peak = 1741.793 ; gain = 0.000
INFO: [runtcl-4] Executing : report_utilization -file MemorySequency_utilization_placed.rpt -pb MemorySequency_utilization_placed.pb
INFO: [runtcl-4] Executing : report_control_sets -verbose -file MemorySequency_control_sets_placed.rpt
report_control_sets: Time (s): cpu = 00:00:00 ; elapsed = 00:00:00.001 . Memory (MB): peak = 1741.793 ; gain = 0.000
Command: phys_opt_design
Attempting to get a license for feature 'Implementation' and/or device 'xc7z010'
INFO: [Common 17-349] Got license for feature 'Implementation' and/or device 'xc7z010'
INFO: [Vivado_Tcl 4-235] No timing constraint found. The netlist was not modified.
INFO: [Common 17-83] Releasing license: Implementation
50 Infos, 7 Warnings, 5 Critical Warnings and 0 Errors encountered.
phys_opt_design completed successfully
INFO: [Timing 38-480] Writing timing data to binary archive.
Writing placer database...
Writing XDEF routing.
Writing XDEF routing logical nets.
Writing XDEF routing special nets.
Write XDEF Complete: Time (s): cpu = 00:00:00 ; elapsed = 00:00:00.076 . Memory (MB): peak = 1779.148 ; gain = 17.848
INFO: [Common 17-1381] The checkpoint 'E:/2025-2/IEE2463 - Sistemas Electronicos Programables/SEP-Grupo17/Proyecto1/Proyecto1.runs/impl_1/MemorySequency_physopt.dcp' has been generated.
Command: route_design
Attempting to get a license for feature 'Implementation' and/or device 'xc7z010'
INFO: [Common 17-349] Got license for feature 'Implementation' and/or device 'xc7z010'
Running DRC as a precondition to command route_design
INFO: [DRC 23-27] Running DRC with 2 threads
INFO: [Vivado_Tcl 4-198] DRC finished with 0 Errors
INFO: [Vivado_Tcl 4-199] Please refer to the DRC report (report_drc) for more information.


Starting Routing Task
INFO: [Route 35-254] Multithreading enabled for route_design using a maximum of 2 CPUs
Checksum: PlaceDB: f3b0670f ConstDB: 0 ShapeSum: 6ef3c6d5 RouteDB: 0

Phase 1 Build RT Design
Phase 1 Build RT Design | Checksum: 109144ba2

Time (s): cpu = 00:00:07 ; elapsed = 00:00:06 . Memory (MB): peak = 1821.484 ; gain = 27.238
Post Restoration Checksum: NetGraph: fb157647 NumContArr: dfed55b Constraints: 0 Timing: 0

Phase 2 Router Initialization
INFO: [Route 35-64] No timing constraints were detected. The router will operate in resource-optimization mode.

Phase 2.1 Fix Topology Constraints
Phase 2.1 Fix Topology Constraints | Checksum: 109144ba2

Time (s): cpu = 00:00:07 ; elapsed = 00:00:06 . Memory (MB): peak = 1827.488 ; gain = 33.242

Phase 2.2 Pre Route Cleanup
Phase 2.2 Pre Route Cleanup | Checksum: 109144ba2

Time (s): cpu = 00:00:07 ; elapsed = 00:00:06 . Memory (MB): peak = 1827.488 ; gain = 33.242
 Number of Nodes with overlaps = 0
Phase 2 Router Initialization | Checksum: 1102289a5

Time (s): cpu = 00:00:07 ; elapsed = 00:00:06 . Memory (MB): peak = 1832.273 ; gain = 38.027

Router Utilization Summary
  Global Vertical Routing Utilization    = 0 %
  Global Horizontal Routing Utilization  = 0 %
  Routable Net Status*
  *Does not include unroutable nets such as driverless and loadless.
  Run report_route_status for detailed report.
  Number of Failed Nets               = 1304
    (Failed Nets is the sum of unrouted and partially routed nets)
  Number of Unrouted Nets             = 1304
  Number of Partially Routed Nets     = 0
  Number of Node Overlaps             = 0


Phase 3 Initial Routing
Phase 3 Initial Routing | Checksum: 1adb9d3fe

Time (s): cpu = 00:00:07 ; elapsed = 00:00:06 . Memory (MB): peak = 1832.449 ; gain = 38.203

Phase 4 Rip-up And Reroute

Phase 4.1 Global Iteration 0
 Number of Nodes with overlaps = 57
 Number of Nodes with overlaps = 0
Phase 4.1 Global Iteration 0 | Checksum: f4592bd2

Time (s): cpu = 00:00:07 ; elapsed = 00:00:06 . Memory (MB): peak = 1832.449 ; gain = 38.203
Phase 4 Rip-up And Reroute | Checksum: f4592bd2

Time (s): cpu = 00:00:07 ; elapsed = 00:00:06 . Memory (MB): peak = 1832.449 ; gain = 38.203

Phase 5 Delay and Skew Optimization
Phase 5 Delay and Skew Optimization | Checksum: f4592bd2

Time (s): cpu = 00:00:07 ; elapsed = 00:00:06 . Memory (MB): peak = 1832.449 ; gain = 38.203

Phase 6 Post Hold Fix

Phase 6.1 Hold Fix Iter
Phase 6.1 Hold Fix Iter | Checksum: f4592bd2

Time (s): cpu = 00:00:07 ; elapsed = 00:00:06 . Memory (MB): peak = 1832.449 ; gain = 38.203
Phase 6 Post Hold Fix | Checksum: f4592bd2

Time (s): cpu = 00:00:07 ; elapsed = 00:00:06 . Memory (MB): peak = 1832.449 ; gain = 38.203

Phase 7 Route finalize

Router Utilization Summary
  Global Vertical Routing Utilization    = 0.648649 %
  Global Horizontal Routing Utilization  = 1.06066 %
  Routable Net Status*
  *Does not include unroutable nets such as driverless and loadless.
  Run report_route_status for detailed report.
  Number of Failed Nets               = 0
    (Failed Nets is the sum of unrouted and partially routed nets)
  Number of Unrouted Nets             = 0
  Number of Partially Routed Nets     = 0
  Number of Node Overlaps             = 0

Congestion Report
North Dir 1x1 Area, Max Cong = 32.4324%, No Congested Regions.
South Dir 1x1 Area, Max Cong = 35.1351%, No Congested Regions.
East Dir 1x1 Area, Max Cong = 41.1765%, No Congested Regions.
West Dir 1x1 Area, Max Cong = 48.5294%, No Congested Regions.

------------------------------
Reporting congestion hotspots
------------------------------
Direction: North
----------------
Congested clusters found at Level 0
Effective congestion level: 0 Aspect Ratio: 1 Sparse Ratio: 0
Direction: South
----------------
Congested clusters found at Level 0
Effective congestion level: 0 Aspect Ratio: 1 Sparse Ratio: 0
Direction: East
----------------
Congested clusters found at Level 0
Effective congestion level: 0 Aspect Ratio: 1 Sparse Ratio: 0
Direction: West
----------------
Congested clusters found at Level 0
Effective congestion level: 0 Aspect Ratio: 1 Sparse Ratio: 0

Phase 7 Route finalize | Checksum: f4592bd2

Time (s): cpu = 00:00:07 ; elapsed = 00:00:06 . Memory (MB): peak = 1832.449 ; gain = 38.203

Phase 8 Verifying routed nets

 Verification completed successfully
Phase 8 Verifying routed nets | Checksum: f4592bd2

Time (s): cpu = 00:00:07 ; elapsed = 00:00:06 . Memory (MB): peak = 1833.504 ; gain = 39.258

Phase 9 Depositing Routes
Phase 9 Depositing Routes | Checksum: 78b7b599

Time (s): cpu = 00:00:07 ; elapsed = 00:00:06 . Memory (MB): peak = 1833.504 ; gain = 39.258
INFO: [Route 35-16] Router Completed Successfully

Time (s): cpu = 00:00:07 ; elapsed = 00:00:06 . Memory (MB): peak = 1833.504 ; gain = 39.258

Routing Is Done.
INFO: [Common 17-83] Releasing license: Implementation
60 Infos, 7 Warnings, 5 Critical Warnings and 0 Errors encountered.
route_design completed successfully
route_design: Time (s): cpu = 00:00:08 ; elapsed = 00:00:07 . Memory (MB): peak = 1833.504 ; gain = 54.355
INFO: [Timing 38-480] Writing timing data to binary archive.
Writing placer database...
Writing XDEF routing.
Writing XDEF routing logical nets.
Writing XDEF routing special nets.
Write XDEF Complete: Time (s): cpu = 00:00:00 ; elapsed = 00:00:00.097 . Memory (MB): peak = 1846.355 ; gain = 12.852
INFO: [Common 17-1381] The checkpoint 'E:/2025-2/IEE2463 - Sistemas Electronicos Programables/SEP-Grupo17/Proyecto1/Proyecto1.runs/impl_1/MemorySequency_routed.dcp' has been generated.
INFO: [runtcl-4] Executing : report_drc -file MemorySequency_drc_routed.rpt -pb MemorySequency_drc_routed.pb -rpx MemorySequency_drc_routed.rpx
Command: report_drc -file MemorySequency_drc_routed.rpt -pb MemorySequency_drc_routed.pb -rpx MemorySequency_drc_routed.rpx
INFO: [IP_Flow 19-1839] IP Catalog is up to date.
INFO: [DRC 23-27] Running DRC with 2 threads
INFO: [Coretcl 2-168] The results of DRC are in file E:/2025-2/IEE2463 - Sistemas Electronicos Programables/SEP-Grupo17/Proyecto1/Proyecto1.runs/impl_1/MemorySequency_drc_routed.rpt.
report_drc completed successfully
INFO: [runtcl-4] Executing : report_methodology -file MemorySequency_methodology_drc_routed.rpt -pb MemorySequency_methodology_drc_routed.pb -rpx MemorySequency_methodology_drc_routed.rpx
Command: report_methodology -file MemorySequency_methodology_drc_routed.rpt -pb MemorySequency_methodology_drc_routed.pb -rpx MemorySequency_methodology_drc_routed.rpx
INFO: [Timing 38-35] Done setting XDC timing constraints.
INFO: [DRC 23-133] Running Methodology with 2 threads
INFO: [Coretcl 2-1520] The results of Report Methodology are in file E:/2025-2/IEE2463 - Sistemas Electronicos Programables/SEP-Grupo17/Proyecto1/Proyecto1.runs/impl_1/MemorySequency_methodology_drc_routed.rpt.
report_methodology completed successfully
INFO: [runtcl-4] Executing : report_power -file MemorySequency_power_routed.rpt -pb MemorySequency_power_summary_routed.pb -rpx MemorySequency_power_routed.rpx
Command: report_power -file MemorySequency_power_routed.rpt -pb MemorySequency_power_summary_routed.pb -rpx MemorySequency_power_routed.rpx
INFO: [Timing 38-35] Done setting XDC timing constraints.
WARNING: [Power 33-232] No user defined clocks were found in the design! Power estimation will be inaccurate until this is corrected.
Resolution: Please specify clocks using create_clock/create_generated_clock for sequential elements. For pure combinatorial circuits, please specify a virtual clock, otherwise the vectorless estimation might be inaccurate
Running Vector-less Activity Propagation...

Finished Running Vector-less Activity Propagation
72 Infos, 8 Warnings, 5 Critical Warnings and 0 Errors encountered.
report_power completed successfully
INFO: [runtcl-4] Executing : report_route_status -file MemorySequency_route_status.rpt -pb MemorySequency_route_status.pb
INFO: [runtcl-4] Executing : report_timing_summary -max_paths 10 -file MemorySequency_timing_summary_routed.rpt -pb MemorySequency_timing_summary_routed.pb -rpx MemorySequency_timing_summary_routed.rpx -warn_on_violation 
INFO: [Timing 38-91] UpdateTimingParams: Speed grade: -1, Delay Type: min_max.
INFO: [Timing 38-191] Multithreading enabled for timing update using a maximum of 2 CPUs
WARNING: [Timing 38-313] There are no user specified timing constraints. Timing constraints are needed for proper timing analysis.
INFO: [runtcl-4] Executing : report_incremental_reuse -file MemorySequency_incremental_reuse_routed.rpt
INFO: [Vivado_Tcl 4-1062] Incremental flow is disabled. No incremental reuse Info to report.
INFO: [runtcl-4] Executing : report_clock_utilization -file MemorySequency_clock_utilization_routed.rpt
INFO: [runtcl-4] Executing : report_bus_skew -warn_on_violation -file MemorySequency_bus_skew_routed.rpt -pb MemorySequency_bus_skew_routed.pb -rpx MemorySequency_bus_skew_routed.rpx
INFO: [Timing 38-91] UpdateTimingParams: Speed grade: -1, Delay Type: min_max.
INFO: [Timing 38-191] Multithreading enabled for timing update using a maximum of 2 CPUs
Command: write_bitstream -force MemorySequency.bit
Attempting to get a license for feature 'Implementation' and/or device 'xc7z010'
INFO: [Common 17-349] Got license for feature 'Implementation' and/or device 'xc7z010'
Running DRC as a precondition to command write_bitstream
INFO: [IP_Flow 19-1839] IP Catalog is up to date.
INFO: [DRC 23-27] Running DRC with 2 threads
WARNING: [DRC ZPS7-1] PS7 block required: The PS7 cell must be used in this Zynq design in order to enable correct default configuration.
INFO: [Vivado 12-3199] DRC finished with 0 Errors, 1 Warnings
INFO: [Vivado 12-3200] Please refer to the DRC report (report_drc) for more information.
INFO: [Designutils 20-2272] Running write_bitstream with 2 threads.
Loading data files...
Loading site data...
Loading route data...
Processing options...
Creating bitmap...
Creating bitstream...
Writing bitstream ./MemorySequency.bit...
INFO: [Vivado 12-1842] Bitgen Completed Successfully.
INFO: [Project 1-120] WebTalk data collection is mandatory when using a WebPACK part without a full Vivado license. To see the specific WebTalk data collected for your design, open the usage_statistics_webtalk.html or usage_statistics_webtalk.xml file in the implementation directory.
INFO: [Common 17-83] Releasing license: Implementation
91 Infos, 10 Warnings, 5 Critical Warnings and 0 Errors encountered.
write_bitstream completed successfully
write_bitstream: Time (s): cpu = 00:00:07 ; elapsed = 00:00:07 . Memory (MB): peak = 2304.457 ; gain = 420.289
INFO: [Common 17-206] Exiting Vivado at Sat Sep  6 13:22:56 2025...
