Vivado Simulator 2020.1
Time resolution is 1 ps
Note: t=5000 ps  idx=0  btn='0'  flag='0'
Time: 5 ns  Iteration: 1  Process: /tb_lvl_logic/monitor  File: C:/Users/tomas/OneDrive/Escritorio/Universidad/SEP/Proyecto/SEP-Grupo17/Proyecto1/Proyecto1.srcs/sources_1/new/tb_lvl_logic.vhd
Note: t=15000 ps  idx=0  btn='0'  flag='0'
Time: 15 ns  Iteration: 1  Process: /tb_lvl_logic/monitor  File: C:/Users/tomas/OneDrive/Escritorio/Universidad/SEP/Proyecto/SEP-Grupo17/Proyecto1/Proyecto1.srcs/sources_1/new/tb_lvl_logic.vhd
Note: t=25000 ps  idx=0  btn='0'  flag='0'
Time: 25 ns  Iteration: 1  Process: /tb_lvl_logic/monitor  File: C:/Users/tomas/OneDrive/Escritorio/Universidad/SEP/Proyecto/SEP-Grupo17/Proyecto1/Proyecto1.srcs/sources_1/new/tb_lvl_logic.vhd
Note: t=35000 ps  idx=1  btn='0'  flag='0'
Time: 35 ns  Iteration: 1  Process: /tb_lvl_logic/monitor  File: C:/Users/tomas/OneDrive/Escritorio/Universidad/SEP/Proyecto/SEP-Grupo17/Proyecto1/Proyecto1.srcs/sources_1/new/tb_lvl_logic.vhd
Note: t=45000 ps  idx=2  btn='0'  flag='0'
Time: 45 ns  Iteration: 1  Process: /tb_lvl_logic/monitor  File: C:/Users/tomas/OneDrive/Escritorio/Universidad/SEP/Proyecto/SEP-Grupo17/Proyecto1/Proyecto1.srcs/sources_1/new/tb_lvl_logic.vhd
Note: t=55000 ps  idx=3  btn='1'  flag='0'
Time: 55 ns  Iteration: 1  Process: /tb_lvl_logic/monitor  File: C:/Users/tomas/OneDrive/Escritorio/Universidad/SEP/Proyecto/SEP-Grupo17/Proyecto1/Proyecto1.srcs/sources_1/new/tb_lvl_logic.vhd
Note: t=65000 ps  idx=0  btn='1'  flag='1'
Time: 65 ns  Iteration: 1  Process: /tb_lvl_logic/monitor  File: C:/Users/tomas/OneDrive/Escritorio/Universidad/SEP/Proyecto/SEP-Grupo17/Proyecto1/Proyecto1.srcs/sources_1/new/tb_lvl_logic.vhd
Note: t=75000 ps  idx=1  btn='0'  flag='0'
Time: 75 ns  Iteration: 1  Process: /tb_lvl_logic/monitor  File: C:/Users/tomas/OneDrive/Escritorio/Universidad/SEP/Proyecto/SEP-Grupo17/Proyecto1/Proyecto1.srcs/sources_1/new/tb_lvl_logic.vhd
Note: t=85000 ps  idx=2  btn='0'  flag='0'
Time: 85 ns  Iteration: 1  Process: /tb_lvl_logic/monitor  File: C:/Users/tomas/OneDrive/Escritorio/Universidad/SEP/Proyecto/SEP-Grupo17/Proyecto1/Proyecto1.srcs/sources_1/new/tb_lvl_logic.vhd
Note: t=95000 ps  idx=3  btn='0'  flag='0'
Time: 95 ns  Iteration: 1  Process: /tb_lvl_logic/monitor  File: C:/Users/tomas/OneDrive/Escritorio/Universidad/SEP/Proyecto/SEP-Grupo17/Proyecto1/Proyecto1.srcs/sources_1/new/tb_lvl_logic.vhd
Note: t=105000 ps  idx=0  btn='1'  flag='0'
Time: 105 ns  Iteration: 1  Process: /tb_lvl_logic/monitor  File: C:/Users/tomas/OneDrive/Escritorio/Universidad/SEP/Proyecto/SEP-Grupo17/Proyecto1/Proyecto1.srcs/sources_1/new/tb_lvl_logic.vhd
Note: t=115000 ps  idx=1  btn='1'  flag='0'
Time: 115 ns  Iteration: 1  Process: /tb_lvl_logic/monitor  File: C:/Users/tomas/OneDrive/Escritorio/Universidad/SEP/Proyecto/SEP-Grupo17/Proyecto1/Proyecto1.srcs/sources_1/new/tb_lvl_logic.vhd
Note: t=125000 ps  idx=2  btn='0'  flag='0'
Time: 125 ns  Iteration: 1  Process: /tb_lvl_logic/monitor  File: C:/Users/tomas/OneDrive/Escritorio/Universidad/SEP/Proyecto/SEP-Grupo17/Proyecto1/Proyecto1.srcs/sources_1/new/tb_lvl_logic.vhd
Note: t=135000 ps  idx=3  btn='0'  flag='0'
Time: 135 ns  Iteration: 1  Process: /tb_lvl_logic/monitor  File: C:/Users/tomas/OneDrive/Escritorio/Universidad/SEP/Proyecto/SEP-Grupo17/Proyecto1/Proyecto1.srcs/sources_1/new/tb_lvl_logic.vhd
Note: t=145000 ps  idx=0  btn='0'  flag='0'
Time: 145 ns  Iteration: 1  Process: /tb_lvl_logic/monitor  File: C:/Users/tomas/OneDrive/Escritorio/Universidad/SEP/Proyecto/SEP-Grupo17/Proyecto1/Proyecto1.srcs/sources_1/new/tb_lvl_logic.vhd
Note: t=155000 ps  idx=1  btn='0'  flag='0'
Time: 155 ns  Iteration: 1  Process: /tb_lvl_logic/monitor  File: C:/Users/tomas/OneDrive/Escritorio/Universidad/SEP/Proyecto/SEP-Grupo17/Proyecto1/Proyecto1.srcs/sources_1/new/tb_lvl_logic.vhd
Note: TESTBENCH OK
Time: 165 ns  Iteration: 0  Process: /tb_lvl_logic/stim  File: C:/Users/tomas/OneDrive/Escritorio/Universidad/SEP/Proyecto/SEP-Grupo17/Proyecto1/Proyecto1.srcs/sources_1/new/tb_lvl_logic.vhd
$stop called at time : 165 ns : File "C:/Users/tomas/OneDrive/Escritorio/Universidad/SEP/Proyecto/SEP-Grupo17/Proyecto1/Proyecto1.srcs/sources_1/new/tb_lvl_logic.vhd" Line 100
